# JRE version: OpenJDK Runtime Environment (11.0.11+9) (build 11.0.11+9-b60-7590822)
# Java VM: OpenJDK 64-Bit Server VM (11.0.11+9-b60-7590822, mixed mode, tiered, compressed oops, g1 gc, windows-amd64)
Heap:
 garbage-first heap   total 653312K, used 224438K [0x0000000080000000, 0x0000000100000000)
  region size 1024K, 14 young (14336K), 14 survivors (14336K)
 Metaspace       used 147658K, capacity 151931K, committed 152212K, reserved 1181696K
  class space    used 18147K, capacity 19671K, committed 19788K, reserved 1048576K
GC Heap History (20 events):
Event: 3951.402 GC heap after
{Heap after GC invocations=243 (full 0):
 garbage-first heap   total 318464K, used 182251K [0x0000000080000000, 0x0000000100000000)
  region size 1024K, 2 young (2048K), 2 survivors (2048K)
 Metaspace       used 147148K, capacity 151332K, committed 151700K, reserved 1181696K
  class space    used 18086K, capacity 19572K, committed 19788K, reserved 1048576K
}
Event: 3952.749 GC heap before
{Heap before GC invocations=244 (full 0):
 garbage-first heap   total 318464K, used 275435K [0x0000000080000000, 0x0000000100000000)
  region size 1024K, 93 young (95232K), 2 survivors (2048K)
 Metaspace       used 147151K, capacity 151332K, committed 151700K, reserved 1181696K
  class space    used 18086K, capacity 19572K, committed 19788K, reserved 1048576K
}
Event: 3952.822 GC heap after
{Heap after GC invocations=245 (full 0):
 garbage-first heap   total 382976K, used 183305K [0x0000000080000000, 0x0000000100000000)
  region size 1024K, 3 young (3072K), 3 survivors (3072K)
 Metaspace       used 147151K, capacity 151332K, committed 151700K, reserved 1181696K
  class space    used 18086K, capacity 19572K, committed 19788K, reserved 1048576K
}
Event: 3952.991 GC heap before
{Heap before GC invocations=245 (full 0):
 garbage-first heap   total 382976K, used 198665K [0x0000000080000000, 0x0000000100000000)
  region size 1024K, 18 young (18432K), 3 survivors (3072K)
 Metaspace       used 147151K, capacity 151332K, committed 151700K, reserved 1181696K
  class space    used 18086K, capacity 19572K, committed 19788K, reserved 1048576K
}
Event: 3953.001 GC heap after
{Heap after GC invocations=246 (full 0):
 garbage-first heap   total 382976K, used 182768K [0x0000000080000000, 0x0000000100000000)
  region size 1024K, 2 young (2048K), 2 survivors (2048K)
 Metaspace       used 147151K, capacity 151332K, committed 151700K, reserved 1181696K
  class space    used 18086K, capacity 19572K, committed 19788K, reserved 1048576K
}
Event: 3954.523 GC heap before
{Heap before GC invocations=246 (full 0):
 garbage-first heap   total 382976K, used 306672K [0x0000000080000000, 0x0000000100000000)
  region size 1024K, 123 young (125952K), 2 survivors (2048K)
 Metaspace       used 147156K, capacity 151333K, committed 151700K, reserved 1181696K
  class space    used 18086K, capacity 19572K, committed 19788K, reserved 1048576K
}
Event: 3954.533 GC heap after
{Heap after GC invocations=247 (full 0):
 garbage-first heap   total 382976K, used 183256K [0x0000000080000000, 0x0000000100000000)
  region size 1024K, 2 young (2048K), 2 survivors (2048K)
 Metaspace       used 147156K, capacity 151333K, committed 151700K, reserved 1181696K
  class space    used 18086K, capacity 19572K, committed 19788K, reserved 1048576K
}
Event: 3956.826 GC heap before
{Heap before GC invocations=248 (full 0):
 garbage-first heap   total 382976K, used 327640K [0x0000000080000000, 0x0000000100000000)
  region size 1024K, 143 young (146432K), 2 survivors (2048K)
 Metaspace       used 147401K, capacity 151687K, committed 151956K, reserved 1181696K
  class space    used 18133K, capacity 19648K, committed 19788K, reserved 1048576K
}
Event: 3956.853 GC heap after
{Heap after GC invocations=249 (full 0):
 garbage-first heap   total 382976K, used 184340K [0x0000000080000000, 0x0000000100000000)
  region size 1024K, 3 young (3072K), 3 survivors (3072K)
 Metaspace       used 147401K, capacity 151687K, committed 151956K, reserved 1181696K
  class space    used 18133K, capacity 19648K, committed 19788K, reserved 1048576K
}
Event: 3957.072 GC heap before
{Heap before GC invocations=249 (full 0):
 garbage-first heap   total 382976K, used 199700K [0x0000000080000000, 0x0000000100000000)
  region size 1024K, 18 young (18432K), 3 survivors (3072K)
 Metaspace       used 147487K, capacity 151811K, committed 151956K, reserved 1181696K
  class space    used 18143K, capacity 19665K, committed 19788K, reserved 1048576K
}
Event: 3957.090 GC heap after
{Heap after GC invocations=250 (full 0):
 garbage-first heap   total 382976K, used 184573K [0x0000000080000000, 0x0000000100000000)
  region size 1024K, 3 young (3072K), 3 survivors (3072K)
 Metaspace       used 147487K, capacity 151811K, committed 151956K, reserved 1181696K
  class space    used 18143K, capacity 19665K, committed 19788K, reserved 1048576K
}
Event: 3957.461 GC heap before
{Heap before GC invocations=250 (full 0):
 garbage-first heap   total 382976K, used 217341K [0x0000000080000000, 0x0000000100000000)
  region size 1024K, 36 young (36864K), 3 survivors (3072K)
 Metaspace       used 147542K, capacity 151821K, committed 151956K, reserved 1181696K
  class space    used 18143K, capacity 19665K, committed 19788K, reserved 1048576K
}
Event: 3957.478 GC heap after
{Heap after GC invocations=251 (full 0):
 garbage-first heap   total 382976K, used 186745K [0x0000000080000000, 0x0000000100000000)
  region size 1024K, 5 young (5120K), 5 survivors (5120K)
 Metaspace       used 147542K, capacity 151821K, committed 151956K, reserved 1181696K
  class space    used 18143K, capacity 19665K, committed 19788K, reserved 1048576K
}
Event: 3959.264 GC heap before
{Heap before GC invocations=252 (full 0):
 garbage-first heap   total 382976K, used 331129K [0x0000000080000000, 0x0000000100000000)
  region size 1024K, 143 young (146432K), 5 survivors (5120K)
 Metaspace       used 147634K, capacity 151930K, committed 152212K, reserved 1181696K
  class space    used 18147K, capacity 19671K, committed 19788K, reserved 1048576K
}
Event: 3959.329 GC heap after
{Heap after GC invocations=253 (full 0):
 garbage-first heap   total 382976K, used 199706K [0x0000000080000000, 0x0000000100000000)
  region size 1024K, 16 young (16384K), 16 survivors (16384K)
 Metaspace       used 147634K, capacity 151930K, committed 152212K, reserved 1181696K
  class space    used 18147K, capacity 19671K, committed 19788K, reserved 1048576K
}
Event: 3959.351 GC heap before
{Heap before GC invocations=253 (full 0):
 garbage-first heap   total 382976K, used 201754K [0x0000000080000000, 0x0000000100000000)
  region size 1024K, 18 young (18432K), 16 survivors (16384K)
 Metaspace       used 147634K, capacity 151930K, committed 152212K, reserved 1181696K
  class space    used 18147K, capacity 19671K, committed 19788K, reserved 1048576K
}
Event: 3959.421 GC heap after
{Heap after GC invocations=254 (full 0):
 garbage-first heap   total 382976K, used 195626K [0x0000000080000000, 0x0000000100000000)
  region size 1024K, 2 young (2048K), 2 survivors (2048K)
 Metaspace       used 147634K, capacity 151930K, committed 152212K, reserved 1181696K
  class space    used 18147K, capacity 19671K, committed 19788K, reserved 1048576K
}
Event: 3960.419 GC heap before
{Heap before GC invocations=254 (full 0):
 garbage-first heap   total 382976K, used 319530K [0x0000000080000000, 0x0000000100000000)
  region size 1024K, 123 young (125952K), 2 survivors (2048K)
 Metaspace       used 147646K, capacity 151931K, committed 152212K, reserved 1181696K
  class space    used 18147K, capacity 19671K, committed 19788K, reserved 1048576K
}
Event: 3960.551 GC heap after
{Heap after GC invocations=255 (full 0):
 garbage-first heap   total 382976K, used 214415K [0x0000000080000000, 0x0000000100000000)
  region size 1024K, 16 young (16384K), 16 survivors (16384K)
 Metaspace       used 147646K, capacity 151931K, committed 152212K, reserved 1181696K
  class space    used 18147K, capacity 19671K, committed 19788K, reserved 1048576K
}
Event: 3961.894 GC heap before
{Heap before GC invocations=256 (full 0):
 garbage-first heap   total 382976K, used 311695K [0x0000000080000000, 0x0000000100000000)
  region size 1024K, 114 young (116736K), 16 survivors (16384K)
 Metaspace       used 147658K, capacity 151931K, committed 152212K, reserved 1181696K
  class space    used 18147K, capacity 19671K, committed 19788K, reserved 1048576K
}

